0 info it worked if it ends with ok
1 verbose cli [ '/usr/local/bin/node', '/usr/local/bin/npm', 'start' ]
2 info using npm@3.10.10
3 info using node@v6.11.3
4 verbose run-script [ 'prestart', 'start', 'poststart' ]
5 info lifecycle new@1.0.0~prestart: new@1.0.0
6 silly lifecycle new@1.0.0~prestart: no script for prestart, continuing
7 info lifecycle new@1.0.0~start: new@1.0.0
8 verbose lifecycle new@1.0.0~start: unsafe-perm in lifecycle true
9 verbose lifecycle new@1.0.0~start: PATH: /usr/local/lib/node_modules/npm/bin/node-gyp-bin:/Users/samanthadelorenzo/Downloads/lp602ljjj7/node_modules/.bin:/Library/Frameworks/Python.framework/Versions/3.6/bin:/Users/samanthadelorenzo/.fastlane/bin:/Library/Frameworks/Python.framework/Versions/3.6/bin:/Library/Frameworks/Python.framework/Versions/3.6/bin:/Library/Frameworks/Python.framework/Versions/3.4/bin:/usr/local/bin:/usr/bin:/bin:/usr/sbin:/sbin:/opt/X11/bin:/Applications/VMware Fusion.app/Contents/Public:/Library/Frameworks/Mono.framework/Versions/Current/Commands:/usr/local/mysql/bin
10 verbose lifecycle new@1.0.0~start: CWD: /Users/samanthadelorenzo/Downloads/lp602ljjj7
11 silly lifecycle new@1.0.0~start: Args: [ '-c', 'react-scripts start' ]
12 info lifecycle new@1.0.0~start: Failed to exec start script
13 verbose stack Error: new@1.0.0 start: `react-scripts start`
13 verbose stack spawn ENOENT
13 verbose stack     at ChildProcess.<anonymous> (/usr/local/lib/node_modules/npm/lib/utils/spawn.js:33:16)
13 verbose stack     at emitTwo (events.js:106:13)
13 verbose stack     at ChildProcess.emit (events.js:191:7)
13 verbose stack     at maybeClose (internal/child_process.js:920:16)
13 verbose stack     at Process.ChildProcess._handle.onexit (internal/child_process.js:230:5)
14 verbose pkgid new@1.0.0
15 verbose cwd /Users/samanthadelorenzo/Downloads/lp602ljjj7
16 error Darwin 16.7.0
17 error argv "/usr/local/bin/node" "/usr/local/bin/npm" "start"
18 error node v6.11.3
19 error npm  v3.10.10
20 error file sh
21 error code ELIFECYCLE
22 error errno ENOENT
23 error syscall spawn
24 error new@1.0.0 start: `react-scripts start`
24 error spawn ENOENT
25 error Failed at the new@1.0.0 start script 'react-scripts start'.
25 error Make sure you have the latest version of node.js and npm installed.
25 error If you do, this is most likely a problem with the new package,
25 error not with npm itself.
25 error Tell the author that this fails on your system:
25 error     react-scripts start
25 error You can get information on how to open an issue for this project with:
25 error     npm bugs new
25 error Or if that isn't available, you can get their info via:
25 error     npm owner ls new
25 error There is likely additional logging output above.
26 verbose exit [ 1, true ]
